<?xml version="1.0" encoding="UTF-8"?>
<!-- Generated by org.testng.reporters.JUnitReportReporter -->
<testsuite hostname="Dell" failures="0" tests="3" name="Test.ZerodhaHomeTest" time="0.033" errors="0" timestamp="2022-06-15T14:39:47 IST" skipped="0">
  <testcase classname="Test.ZerodhaHomeTest" name="GoToHomePageTest" time="0.020"/>
  <system-out/>
  <testcase classname="Test.ZerodhaHomeTest" name="GoToHomePageTest" time="0.003"/>
  <system-out/>
  <testcase classname="Test.ZerodhaHomeTest" name="GoToHomePageTest" time="0.010"/>
  <system-out/>
</testsuite> <!-- Test.ZerodhaHomeTest -->
