<?xml version="1.0" encoding="UTF-8"?>
<!-- Generated by org.testng.reporters.JUnitReportReporter -->
<testsuite hostname="Dell" failures="0" tests="1" name="Test.PinPageTest" time="73.171" errors="0" timestamp="2022-06-12T10:41:09 IST" skipped="0">
  <testcase classname="Test.PinPageTest" name="loginToZerodhaWithPinTest" time="73.171"/>
  <system-out/>
</testsuite> <!-- Test.PinPageTest -->
